<?xml version="1.0" encoding="UTF-8"?>
<!-- Generated by org.testng.reporters.JUnitReportReporter -->
<testsuite skipped="0" hostname="Ashwinis-Air" name="com.sf.testCucumber.runner.LoginRunner" tests="2" failures="0" timestamp="2022-02-10T17:03:05 PST" time="0.207" errors="2">
  <testcase name="runScenario" time="0.186" classname="com.sf.testCucumber.runner.LoginRunner">
    <error type="java.lang.NullPointerException">
      <![CDATA[java.lang.NullPointerException
at java.util.Objects.requireNonNull(Objects.java:203)
at org.openqa.selenium.support.ui.FluentWait.<init>(FluentWait.java:106)
at org.openqa.selenium.support.ui.WebDriverWait.<init>(WebDriverWait.java:85)
at org.openqa.selenium.support.ui.WebDriverWait.<init>(WebDriverWait.java:45)
at com.firebase.base.ReusableAllMethod.waitUntilVisible(ReusableAllMethod.java:68)
at com.firebase.base.ReusableAllMethod.enterText(ReusableAllMethod.java:56)
at com.firebase.pages.LoginPage.LoginPage.enterInteUsernameFeild(LoginPage.java:39)
at runner.Loginscipt.user_enters_into_username_field(Loginscipt.java:28)
at ✽.user enters "ashu@techarc.com" into username field(file:///Users/ashwiniramamurthy/eclipse-workspace/SfPomAndCucumber/src/test/resources/SalesFeature/login.feature:7)
]]>
    </error>
  </testcase> <!-- runScenario -->
  <system-out/>
  <testcase name="runScenario" time="0.021" classname="com.sf.testCucumber.runner.LoginRunner">
    <error type="java.lang.NullPointerException">
      <![CDATA[java.lang.NullPointerException
at java.util.Objects.requireNonNull(Objects.java:203)
at org.openqa.selenium.support.ui.FluentWait.<init>(FluentWait.java:106)
at org.openqa.selenium.support.ui.WebDriverWait.<init>(WebDriverWait.java:85)
at org.openqa.selenium.support.ui.WebDriverWait.<init>(WebDriverWait.java:45)
at com.firebase.base.ReusableAllMethod.waitUntilVisible(ReusableAllMethod.java:68)
at com.firebase.base.ReusableAllMethod.enterText(ReusableAllMethod.java:56)
at com.firebase.pages.LoginPage.LoginPage.enterInteUsernameFeild(LoginPage.java:39)
at runner.Loginscipt.user_enters_into_username_field(Loginscipt.java:28)
at ✽.user enters "ashu@techarc.com" into username field(file:///Users/ashwiniramamurthy/eclipse-workspace/SfPomAndCucumber/src/test/resources/SalesFeature/login.feature:14)
]]>
    </error>
  </testcase> <!-- runScenario -->
  <system-out/>
</testsuite> <!-- com.sf.testCucumber.runner.LoginRunner -->
