<?xml version="1.0" encoding="UTF-8"?>
<!-- Generated by org.testng.reporters.JUnitReportReporter -->
<testsuite skipped="0" hostname="Ashwinis-Air" name="runner.LoginRunner" tests="2" failures="0" timestamp="2022-02-11T09:41:00 PST" time="18.578" errors="0">
  <testcase name="runScenario" time="7.708" classname="runner.LoginRunner"/>
  <system-out/>
  <testcase name="runScenario" time="10.870" classname="runner.LoginRunner"/>
  <system-out/>
</testsuite> <!-- runner.LoginRunner -->
